Sep 14 05:23:15 [info] CREATE TABLE `schema_migrations` (
`version` varchar(255)) ;
Sep 14 05:23:15 [info] CREATE UNIQUE INDEX idx_schema_migrations_version ON `schema_migrations`(`version`)
Sep 14 05:45:18 [info] SELECT version FROM schema_migrations
Sep 14 05:45:18 [info] SELECT version FROM schema_migrations
Sep 14 05:45:18 [info] SELECT version FROM schema_migrations
Sep 14 05:45:18 [info] CREATE TABLE `users` (
`id` int(11) UNSIGNED auto_increment NOT NULL,
`first_name` varchar(255),
`last_name` varchar(255),
 PRIMARY KEY (`id`)) ;
Sep 14 05:45:18 [info] INSERT INTO schema_migrations (version) VALUES ('20130914051453')
Sep 14 18:15:56 [info] CREATE TABLE "schema_migrations" (
"version" varchar(255)) ;
Sep 14 18:15:56 [info] CREATE UNIQUE INDEX "idx_schema_migrations_version" ON "schema_migrations"("version")
Sep 14 18:15:56 [info] SELECT version FROM schema_migrations
Sep 14 18:15:56 [info] SELECT version FROM schema_migrations
Sep 14 18:15:56 [info] SELECT version FROM schema_migrations
Sep 14 18:15:56 [info] CREATE TABLE "users" (
"id" serial,
"first_name" varchar(255),
"last_name" varchar(255),
 PRIMARY KEY ("id")) ;
Sep 14 18:15:56 [info] INSERT INTO schema_migrations (version) VALUES ('20130914051453')
Sep 14 22:13:49 [info] SELECT version FROM schema_migrations
Sep 14 22:13:49 [info] SELECT version FROM schema_migrations
Sep 14 22:13:49 [info] SELECT version FROM schema_migrations
Sep 14 22:13:50 [info] ALTER TABLE "hol_out" ADD COLUMN "id" integer NOT NULL
Sep 14 22:18:16 [info] SELECT version FROM schema_migrations
Sep 14 22:18:16 [info] SELECT version FROM schema_migrations
Sep 14 22:18:16 [info] SELECT version FROM schema_migrations
Sep 14 22:18:16 [info] ALTER TABLE "hol_out" ADD COLUMN "id" integer NOT NULL
Sep 14 22:20:51 [info] SELECT version FROM schema_migrations
Sep 14 22:20:51 [info] SELECT version FROM schema_migrations
Sep 14 22:20:51 [info] SELECT version FROM schema_migrations
Sep 14 22:20:51 [info] ALTER TABLE "hol_out" ADD COLUMN "id" integer
Sep 14 22:20:51 [info] INSERT INTO schema_migrations (version) VALUES ('20130914205806')
Sep 14 22:28:29 [info] SELECT version FROM schema_migrations
Sep 14 22:28:29 [info] SELECT version FROM schema_migrations
Sep 14 22:28:29 [info] SELECT version FROM schema_migrations
Sep 14 22:28:29 [info] CREATE TABLE "tabla" (
"user_id" integer NOT NULL,
 PRIMARY KEY ("user_id")) ;
Sep 14 22:28:29 [info] INSERT INTO schema_migrations (version) VALUES ('20130914222542')
Sep 14 22:42:29 [info] SELECT version FROM schema_migrations
Sep 14 22:42:29 [info] SELECT version FROM schema_migrations
Sep 14 22:42:29 [info] SELECT version FROM schema_migrations
Sep 14 22:42:29 [info]       SELECT a.attname, format_type(a.atttypid, a.atttypmod), d.adsrc, a.attnotnull
        FROM pg_attribute a LEFT JOIN pg_attrdef d
          ON a.attrelid = d.adrelid AND a.attnum = d.adnum
       WHERE a.attrelid = '"hol_dis"'::regclass
         AND a.attname = 'sys1'
         AND a.attnum > 0 AND NOT a.attisdropped
       ORDER BY a.attnum
